<?xml version="1.0" encoding="UTF-8"?>
<testng-results ignored="0" total="1" passed="1" failed="0" skipped="0">
  <reporter-output>
  </reporter-output>
  <suite started-at="2024-04-22T22:28:01 EEST" name="Default suite" finished-at="2024-04-22T22:28:05 EEST" duration-ms="3975">
    <groups>
    </groups>
    <test started-at="2024-04-22T22:28:01 EEST" name="Default test" finished-at="2024-04-22T22:28:05 EEST" duration-ms="3975">
      <class name="practice.SoapXMLRequest">
        <test-method signature="validateSoapXML()[pri:0, instance:practice.SoapXMLRequest@34f7cfd9]" started-at="2024-04-22T22:28:01 EEST" name="validateSoapXML" finished-at="2024-04-22T22:28:05 EEST" duration-ms="3906" status="PASS">
          <reporter-output>
          </reporter-output>
        </test-method> <!-- validateSoapXML -->
      </class> <!-- practice.SoapXMLRequest -->
    </test> <!-- Default test -->
  </suite> <!-- Default suite -->
</testng-results>
